# JRE version: Java(TM) SE Runtime Environment (8.0_201-b09) (build 1.8.0_201-b09)
# Java VM: Java HotSpot(TM) 64-Bit Server VM (25.201-b09 mixed mode linux-amd64 compressed oops)
Heap:
 PSYoungGen      total 139264K, used 138245K [0x000000076d180000, 0x0000000776380000, 0x00000007c0000000)
  eden space 129024K, 99% used [0x000000076d180000,0x0000000774e896c0,0x0000000774f80000)
  from space 10240K, 99% used [0x0000000775980000,0x0000000776378040,0x0000000776380000)
  to   space 10240K, 84% used [0x0000000774f80000,0x00000007757ec010,0x0000000775980000)
 ParOldGen       total 171008K, used 12019K [0x00000006c7400000, 0x00000006d1b00000, 0x000000076d180000)
  object space 171008K, 7% used [0x00000006c7400000,0x00000006c7fbce90,0x00000006d1b00000)
 Metaspace       used 20580K, capacity 21164K, committed 21296K, reserved 1069056K
  class space    used 2461K, capacity 2638K, committed 2688K, reserved 1048576K
GC Heap History (9 events):
Event: 0,743 GC heap before
{Heap before GC invocations=1 (full 0):
 PSYoungGen      total 74752K, used 64512K [0x000000076d180000, 0x0000000772480000, 0x00000007c0000000)
  eden space 64512K, 100% used [0x000000076d180000,0x0000000771080000,0x0000000771080000)
  from space 10240K, 0% used [0x0000000771a80000,0x0000000771a80000,0x0000000772480000)
  to   space 10240K, 0% used [0x0000000771080000,0x0000000771080000,0x0000000771a80000)
 ParOldGen       total 171008K, used 0K [0x00000006c7400000, 0x00000006d1b00000, 0x000000076d180000)
  object space 171008K, 0% used [0x00000006c7400000,0x00000006c7400000,0x00000006d1b00000)
 Metaspace       used 11463K, capacity 11700K, committed 11776K, reserved 1058816K
  class space    used 1427K, capacity 1512K, committed 1536K, reserved 1048576K
Event: 0,751 GC heap after
Heap after GC invocations=1 (full 0):
 PSYoungGen      total 74752K, used 9884K [0x000000076d180000, 0x0000000772480000, 0x00000007c0000000)
  eden space 64512K, 0% used [0x000000076d180000,0x000000076d180000,0x0000000771080000)
  from space 10240K, 96% used [0x0000000771080000,0x0000000771a27160,0x0000000771a80000)
  to   space 10240K, 0% used [0x0000000771a80000,0x0000000771a80000,0x0000000772480000)
 ParOldGen       total 171008K, used 16K [0x00000006c7400000, 0x00000006d1b00000, 0x000000076d180000)
  object space 171008K, 0% used [0x00000006c7400000,0x00000006c7404000,0x00000006d1b00000)
 Metaspace       used 11463K, capacity 11700K, committed 11776K, reserved 1058816K
  class space    used 1427K, capacity 1512K, committed 1536K, reserved 1048576K
}
Event: 1,406 GC heap before
{Heap before GC invocations=2 (full 0):
 PSYoungGen      total 74752K, used 74396K [0x000000076d180000, 0x0000000772480000, 0x00000007c0000000)
  eden space 64512K, 100% used [0x000000076d180000,0x0000000771080000,0x0000000771080000)
  from space 10240K, 96% used [0x0000000771080000,0x0000000771a27160,0x0000000771a80000)
  to   space 10240K, 0% used [0x0000000771a80000,0x0000000771a80000,0x0000000772480000)
 ParOldGen       total 171008K, used 16K [0x00000006c7400000, 0x00000006d1b00000, 0x000000076d180000)
  object space 171008K, 0% used [0x00000006c7400000,0x00000006c7404000,0x00000006d1b00000)
 Metaspace       used 15130K, capacity 15412K, committed 15616K, reserved 1062912K
  class space    used 1832K, capacity 1944K, committed 2048K, reserved 1048576K
Event: 1,421 GC heap after
Heap after GC invocations=2 (full 0):
 PSYoungGen      total 74752K, used 10231K [0x000000076d180000, 0x0000000776380000, 0x00000007c0000000)
  eden space 64512K, 0% used [0x000000076d180000,0x000000076d180000,0x0000000771080000)
  from space 10240K, 99% used [0x0000000771a80000,0x000000077247dfd8,0x0000000772480000)
  to   space 10240K, 0% used [0x0000000771080000,0x0000000771080000,0x0000000771a80000)
 ParOldGen       total 171008K, used 1517K [0x00000006c7400000, 0x00000006d1b00000, 0x000000076d180000)
  object space 171008K, 0% used [0x00000006c7400000,0x00000006c757b4e8,0x00000006d1b00000)
 Metaspace       used 15130K, capacity 15412K, committed 15616K, reserved 1062912K
  class space    used 1832K, capacity 1944K, committed 2048K, reserved 1048576K
}
Event: 1,747 GC heap before
{Heap before GC invocations=3 (full 0):
 PSYoungGen      total 74752K, used 74743K [0x000000076d180000, 0x0000000776380000, 0x00000007c0000000)
  eden space 64512K, 100% used [0x000000076d180000,0x0000000771080000,0x0000000771080000)
  from space 10240K, 99% used [0x0000000771a80000,0x000000077247dfd8,0x0000000772480000)
  to   space 10240K, 0% used [0x0000000771080000,0x0000000771080000,0x0000000771a80000)
 ParOldGen       total 171008K, used 1517K [0x00000006c7400000, 0x00000006d1b00000, 0x000000076d180000)
  object space 171008K, 0% used [0x00000006c7400000,0x00000006c757b4e8,0x00000006d1b00000)
 Metaspace       used 15493K, capacity 15768K, committed 16128K, reserved 1062912K
  class space    used 1854K, capacity 1950K, committed 2048K, reserved 1048576K
Event: 1,760 GC heap after
Heap after GC invocations=3 (full 0):
 PSYoungGen      total 74752K, used 10224K [0x000000076d180000, 0x0000000776380000, 0x00000007c0000000)
  eden space 64512K, 0% used [0x000000076d180000,0x000000076d180000,0x0000000771080000)
  from space 10240K, 99% used [0x0000000771080000,0x0000000771a7c010,0x0000000771a80000)
  to   space 10240K, 0% used [0x0000000775980000,0x0000000775980000,0x0000000776380000)
 ParOldGen       total 171008K, used 7183K [0x00000006c7400000, 0x00000006d1b00000, 0x000000076d180000)
  object space 171008K, 4% used [0x00000006c7400000,0x00000006c7b03d38,0x00000006d1b00000)
 Metaspace       used 15493K, capacity 15768K, committed 16128K, reserved 1062912K
  class space    used 1854K, capacity 1950K, committed 2048K, reserved 1048576K
}
Event: 2,041 GC heap before
{Heap before GC invocations=4 (full 0):
 PSYoungGen      total 74752K, used 74736K [0x000000076d180000, 0x0000000776380000, 0x00000007c0000000)
  eden space 64512K, 100% used [0x000000076d180000,0x0000000771080000,0x0000000771080000)
  from space 10240K, 99% used [0x0000000771080000,0x0000000771a7c010,0x0000000771a80000)
  to   space 10240K, 0% used [0x0000000775980000,0x0000000775980000,0x0000000776380000)
 ParOldGen       total 171008K, used 7183K [0x00000006c7400000, 0x00000006d1b00000, 0x000000076d180000)
  object space 171008K, 4% used [0x00000006c7400000,0x00000006c7b03d38,0x00000006d1b00000)
 Metaspace       used 15951K, capacity 16266K, committed 16384K, reserved 1062912K
  class space    used 1871K, capacity 1985K, committed 2048K, reserved 1048576K
Event: 2,056 GC heap after
Heap after GC invocations=4 (full 0):
 PSYoungGen      total 139264K, used 10208K [0x000000076d180000, 0x0000000776380000, 0x00000007c0000000)
  eden space 129024K, 0% used [0x000000076d180000,0x000000076d180000,0x0000000774f80000)
  from space 10240K, 99% used [0x0000000775980000,0x0000000776378040,0x0000000776380000)
  to   space 10240K, 0% used [0x0000000774f80000,0x0000000774f80000,0x0000000775980000)
 ParOldGen       total 171008K, used 12019K [0x00000006c7400000, 0x00000006d1b00000, 0x000000076d180000)
  object space 171008K, 7% used [0x00000006c7400000,0x00000006c7fbce90,0x00000006d1b00000)
 Metaspace       used 15951K, capacity 16266K, committed 16384K, reserved 1062912K
  class space    used 1871K, capacity 1985K, committed 2048K, reserved 1048576K
}
Event: 2,842 GC heap before
{Heap before GC invocations=5 (full 0):
 PSYoungGen      total 139264K, used 138245K [0x000000076d180000, 0x0000000776380000, 0x00000007c0000000)
  eden space 129024K, 99% used [0x000000076d180000,0x0000000774e896c0,0x0000000774f80000)
  from space 10240K, 99% used [0x0000000775980000,0x0000000776378040,0x0000000776380000)
  to   space 10240K, 0% used [0x0000000774f80000,0x0000000774f80000,0x0000000775980000)
 ParOldGen       total 171008K, used 12019K [0x00000006c7400000, 0x00000006d1b00000, 0x000000076d180000)
  object space 171008K, 7% used [0x00000006c7400000,0x00000006c7fbce90,0x00000006d1b00000)
 Metaspace       used 20580K, capacity 21164K, committed 21296K, reserved 1069056K
  class space    used 2461K, capacity 2638K, committed 2688K, reserved 1048576K

